-------------------------------------------------------------------------------
Test set: in.insurance.InsurancePlansApplicationTests
-------------------------------------------------------------------------------
Tests run: 1, Failures: 0, Errors: 1, Skipped: 0, Time elapsed: 92.387 s <<< FAILURE! - in in.insurance.InsurancePlansApplicationTests
contextLoads  Time elapsed: 0.055 s  <<< ERROR!
java.lang.IllegalStateException: Failed to load ApplicationContext
Caused by: org.springframework.beans.factory.UnsatisfiedDependencyException: Error creating bean with name 'planRestController' defined in file [C:\Users\Admin\Documents\workspace-spring-tool-suite-4-4.13.0.RELEASE\INSURANCE_PLANS\target\classes\in\insurance\rest\PlanRestController.class]: Unsatisfied dependency expressed through constructor parameter 1; nested exception is org.springframework.beans.factory.NoSuchBeanDefinitionException: No qualifying bean of type 'in.ashokit.props.AppProperties' available: expected at least 1 bean which qualifies as autowire candidate. Dependency annotations: {}
Caused by: org.springframework.beans.factory.NoSuchBeanDefinitionException: No qualifying bean of type 'in.ashokit.props.AppProperties' available: expected at least 1 bean which qualifies as autowire candidate. Dependency annotations: {}

